# JRE version: Java(TM) SE Runtime Environment (18.0.2.1+1) (build 18.0.2.1+1-1)
# Java VM: Java HotSpot(TM) 64-Bit Server VM (18.0.2.1+1-1, mixed mode, sharing, tiered, compressed oops, compressed class ptrs, g1 gc, bsd-aarch64)
GC Precious Log:
 CardTable entry size: 512
 Card Set container configuration: InlinePtr #cards 4 size 8 Array Of Cards #cards 16 size 48 Howl #buckets 8 coarsen threshold 3686 Howl Bitmap #cards 512 size 80 coarsen threshold 460 Card regions per heap region 1 cards per card region 4096
 CPUs: 10 total, 10 available
 Memory: 16384M
 Large Page Support: Disabled
 NUMA Support: Disabled
 Compressed Oops: Enabled (Zero based)
 Heap Region Size: 2M
 Heap Min Capacity: 8M
 Heap Initial Capacity: 256M
 Heap Max Capacity: 4G
 Pre-touch: Disabled
 Parallel Workers: 9
 Concurrent Workers: 2
 Concurrent Refinement Workers: 9
 Periodic GC: Disabled
Heap:
 garbage-first heap   total 577536K, used 345916K [0x0000000700000000, 0x0000000800000000)
  region size 2048K, 29 young (59392K), 1 survivors (2048K)
 Metaspace       used 20994K, committed 21312K, reserved 1114112K
  class space    used 2844K, committed 3008K, reserved 1048576K
GC Heap History (14 events):
Event: 0.390 GC heap before
{Heap before GC invocations=0 (full 0):
 garbage-first heap   total 266240K, used 42912K [0x0000000700000000, 0x0000000800000000)
  region size 2048K, 11 young (22528K), 0 survivors (0K)
 Metaspace       used 5891K, committed 6080K, reserved 1114112K
  class space    used 672K, committed 768K, reserved 1048576K
}
Event: 0.391 GC heap after
{Heap after GC invocations=1 (full 0):
 garbage-first heap   total 266240K, used 23296K [0x0000000700000000, 0x0000000800000000)
  region size 2048K, 2 young (4096K), 2 survivors (4096K)
 Metaspace       used 5891K, committed 6080K, reserved 1114112K
  class space    used 672K, committed 768K, reserved 1048576K
}
Event: 0.456 GC heap before
{Heap before GC invocations=1 (full 0):
 garbage-first heap   total 266240K, used 107264K [0x0000000700000000, 0x0000000800000000)
  region size 2048K, 27 young (55296K), 2 survivors (4096K)
 Metaspace       used 5895K, committed 6080K, reserved 1114112K
  class space    used 672K, committed 768K, reserved 1048576K
}
Event: 0.478 GC heap after
{Heap after GC invocations=2 (full 0):
 garbage-first heap   total 266240K, used 99139K [0x0000000700000000, 0x0000000800000000)
  region size 2048K, 4 young (8192K), 4 survivors (8192K)
 Metaspace       used 5895K, committed 6080K, reserved 1114112K
  class space    used 672K, committed 768K, reserved 1048576K
}
Event: 0.514 GC heap before
{Heap before GC invocations=2 (full 0):
 garbage-first heap   total 266240K, used 138051K [0x0000000700000000, 0x0000000800000000)
  region size 2048K, 13 young (26624K), 4 survivors (8192K)
 Metaspace       used 5895K, committed 6080K, reserved 1114112K
  class space    used 672K, committed 768K, reserved 1048576K
}
Event: 0.516 GC heap after
{Heap after GC invocations=3 (full 0):
 garbage-first heap   total 266240K, used 136050K [0x0000000700000000, 0x0000000800000000)
  region size 2048K, 3 young (6144K), 3 survivors (6144K)
 Metaspace       used 5895K, committed 6080K, reserved 1114112K
  class space    used 672K, committed 768K, reserved 1048576K
}
Event: 0.519 GC heap before
{Heap before GC invocations=4 (full 0):
 garbage-first heap   total 266240K, used 148338K [0x0000000700000000, 0x0000000800000000)
  region size 2048K, 4 young (8192K), 3 survivors (6144K)
 Metaspace       used 5895K, committed 6080K, reserved 1114112K
  class space    used 672K, committed 768K, reserved 1048576K
}
Event: 0.519 GC heap after
{Heap after GC invocations=5 (full 0):
 garbage-first heap   total 266240K, used 148335K [0x0000000700000000, 0x0000000800000000)
  region size 2048K, 1 young (2048K), 1 survivors (2048K)
 Metaspace       used 5895K, committed 6080K, reserved 1114112K
  class space    used 672K, committed 768K, reserved 1048576K
}
Event: 0.601 GC heap before
{Heap before GC invocations=6 (full 0):
 garbage-first heap   total 274432K, used 267119K [0x0000000700000000, 0x0000000800000000)
  region size 2048K, 13 young (26624K), 1 survivors (2048K)
 Metaspace       used 5895K, committed 6080K, reserved 1114112K
  class space    used 672K, committed 768K, reserved 1048576K
}
Event: 0.602 GC heap after
{Heap after GC invocations=7 (full 0):
 garbage-first heap   total 288768K, used 259883K [0x0000000700000000, 0x0000000800000000)
  region size 2048K, 3 young (6144K), 3 survivors (6144K)
 Metaspace       used 5895K, committed 6080K, reserved 1114112K
  class space    used 672K, committed 768K, reserved 1048576K
}
Event: 0.803 GC heap before
{Heap before GC invocations=7 (full 0):
 garbage-first heap   total 288768K, used 266027K [0x0000000700000000, 0x0000000800000000)
  region size 2048K, 7 young (14336K), 3 survivors (6144K)
 Metaspace       used 6641K, committed 6784K, reserved 1114112K
  class space    used 789K, committed 832K, reserved 1048576K
}
Event: 0.804 GC heap after
{Heap after GC invocations=8 (full 0):
 garbage-first heap   total 577536K, used 261988K [0x0000000700000000, 0x0000000800000000)
  region size 2048K, 1 young (2048K), 1 survivors (2048K)
 Metaspace       used 6641K, committed 6784K, reserved 1114112K
  class space    used 789K, committed 832K, reserved 1048576K
}
Event: 0.836 GC heap before
{Heap before GC invocations=8 (full 0):
 garbage-first heap   total 577536K, used 268132K [0x0000000700000000, 0x0000000800000000)
  region size 2048K, 5 young (10240K), 1 survivors (2048K)
 Metaspace       used 8129K, committed 8320K, reserved 1114112K
  class space    used 1023K, committed 1088K, reserved 1048576K
}
Event: 0.837 GC heap after
{Heap after GC invocations=9 (full 0):
 garbage-first heap   total 577536K, used 261948K [0x0000000700000000, 0x0000000800000000)
  region size 2048K, 1 young (2048K), 1 survivors (2048K)
 Metaspace       used 8129K, committed 8320K, reserved 1114112K
  class space    used 1023K, committed 1088K, reserved 1048576K
}

